The system is: Darwin - 16.7.0 - x86_64
Compiling the C compiler identification source file "CMakeCCompilerId.c" succeeded.
Compiler: /usr/bin/gcc 
Build flags: ;-m32
Id flags:  

The output was:
0


Compilation of the C compiler identification source "CMakeCCompilerId.c" produced "a.out"

The C compiler identification is AppleClang, found in "/Users/lashitjain/Projects/fwd-bwd/builds/release32/CMakeFiles/3.9.4/CompilerIdC/a.out"

Compiling the CXX compiler identification source file "CMakeCXXCompilerId.cpp" succeeded.
Compiler: /usr/bin/g++ 
Build flags: ;-m32
Id flags:  

The output was:
0


Compilation of the CXX compiler identification source "CMakeCXXCompilerId.cpp" produced "a.out"

The CXX compiler identification is AppleClang, found in "/Users/lashitjain/Projects/fwd-bwd/builds/release32/CMakeFiles/3.9.4/CompilerIdCXX/a.out"

Determining if the C compiler works passed with the following output:
Change Dir: /Users/lashitjain/Projects/fwd-bwd/builds/release32/CMakeFiles/CMakeTmp

Run Build Command:"/usr/local/bin/gmake" "cmTC_7ef7c/fast"
/usr/local/bin/gmake -f CMakeFiles/cmTC_7ef7c.dir/build.make CMakeFiles/cmTC_7ef7c.dir/build
gmake[1]: Entering directory '/Users/lashitjain/Projects/fwd-bwd/builds/release32/CMakeFiles/CMakeTmp'
Building C object CMakeFiles/cmTC_7ef7c.dir/testCCompiler.c.o
/usr/bin/gcc   -m32    -o CMakeFiles/cmTC_7ef7c.dir/testCCompiler.c.o   -c /Users/lashitjain/Projects/fwd-bwd/builds/release32/CMakeFiles/CMakeTmp/testCCompiler.c
Linking C executable cmTC_7ef7c
/usr/local/Cellar/cmake/3.9.4_1/bin/cmake -E cmake_link_script CMakeFiles/cmTC_7ef7c.dir/link.txt --verbose=1
/usr/bin/gcc  -m32  -Wl,-search_paths_first -Wl,-headerpad_max_install_names   CMakeFiles/cmTC_7ef7c.dir/testCCompiler.c.o  -o cmTC_7ef7c 
gmake[1]: Leaving directory '/Users/lashitjain/Projects/fwd-bwd/builds/release32/CMakeFiles/CMakeTmp'


Detecting C compiler ABI info compiled with the following output:
Change Dir: /Users/lashitjain/Projects/fwd-bwd/builds/release32/CMakeFiles/CMakeTmp

Run Build Command:"/usr/local/bin/gmake" "cmTC_8d81a/fast"
/usr/local/bin/gmake -f CMakeFiles/cmTC_8d81a.dir/build.make CMakeFiles/cmTC_8d81a.dir/build
gmake[1]: Entering directory '/Users/lashitjain/Projects/fwd-bwd/builds/release32/CMakeFiles/CMakeTmp'
Building C object CMakeFiles/cmTC_8d81a.dir/CMakeCCompilerABI.c.o
/usr/bin/gcc   -m32    -o CMakeFiles/cmTC_8d81a.dir/CMakeCCompilerABI.c.o   -c /usr/local/Cellar/cmake/3.9.4_1/share/cmake/Modules/CMakeCCompilerABI.c
Linking C executable cmTC_8d81a
/usr/local/Cellar/cmake/3.9.4_1/bin/cmake -E cmake_link_script CMakeFiles/cmTC_8d81a.dir/link.txt --verbose=1
/usr/bin/gcc  -m32  -Wl,-search_paths_first -Wl,-headerpad_max_install_names  -v -Wl,-v CMakeFiles/cmTC_8d81a.dir/CMakeCCompilerABI.c.o  -o cmTC_8d81a 
Apple LLVM version 9.0.0 (clang-900.0.39.2)
Target: i386-apple-darwin16.7.0
Thread model: posix
InstalledDir: /Applications/Xcode.app/Contents/Developer/Toolchains/XcodeDefault.xctoolchain/usr/bin
 "/Applications/Xcode.app/Contents/Developer/Toolchains/XcodeDefault.xctoolchain/usr/bin/ld" -demangle -lto_library /Applications/Xcode.app/Contents/Developer/Toolchains/XcodeDefault.xctoolchain/usr/lib/libLTO.dylib -dynamic -arch i386 -macosx_version_min 10.12.0 -o cmTC_8d81a -search_paths_first -headerpad_max_install_names -v CMakeFiles/cmTC_8d81a.dir/CMakeCCompilerABI.c.o -lSystem /Applications/Xcode.app/Contents/Developer/Toolchains/XcodeDefault.xctoolchain/usr/lib/clang/9.0.0/lib/darwin/libclang_rt.osx.a
@(#)PROGRAM:ld  PROJECT:ld64-305
configured to support archs: armv6 armv7 armv7s arm64 i386 x86_64 x86_64h armv6m armv7k armv7m armv7em (tvOS)
Library search paths:
	/usr/lib
	/usr/local/lib
Framework search paths:
	/Library/Frameworks/
	/System/Library/Frameworks/
gmake[1]: Leaving directory '/Users/lashitjain/Projects/fwd-bwd/builds/release32/CMakeFiles/CMakeTmp'


Parsed C implicit link information from above output:
  link line regex: [^( *|.*[/\])(ld|CMAKE_LINK_STARTFILE-NOTFOUND|([^/\]+-)?ld|collect2)[^/\]*( |$)]
  ignore line: [Change Dir: /Users/lashitjain/Projects/fwd-bwd/builds/release32/CMakeFiles/CMakeTmp]
  ignore line: []
  ignore line: [Run Build Command:"/usr/local/bin/gmake" "cmTC_8d81a/fast"]
  ignore line: [/usr/local/bin/gmake -f CMakeFiles/cmTC_8d81a.dir/build.make CMakeFiles/cmTC_8d81a.dir/build]
  ignore line: [gmake[1]: Entering directory '/Users/lashitjain/Projects/fwd-bwd/builds/release32/CMakeFiles/CMakeTmp']
  ignore line: [Building C object CMakeFiles/cmTC_8d81a.dir/CMakeCCompilerABI.c.o]
  ignore line: [/usr/bin/gcc   -m32    -o CMakeFiles/cmTC_8d81a.dir/CMakeCCompilerABI.c.o   -c /usr/local/Cellar/cmake/3.9.4_1/share/cmake/Modules/CMakeCCompilerABI.c]
  ignore line: [Linking C executable cmTC_8d81a]
  ignore line: [/usr/local/Cellar/cmake/3.9.4_1/bin/cmake -E cmake_link_script CMakeFiles/cmTC_8d81a.dir/link.txt --verbose=1]
  ignore line: [/usr/bin/gcc  -m32  -Wl,-search_paths_first -Wl,-headerpad_max_install_names  -v -Wl,-v CMakeFiles/cmTC_8d81a.dir/CMakeCCompilerABI.c.o  -o cmTC_8d81a ]
  ignore line: [Apple LLVM version 9.0.0 (clang-900.0.39.2)]
  ignore line: [Target: i386-apple-darwin16.7.0]
  ignore line: [Thread model: posix]
  ignore line: [InstalledDir: /Applications/Xcode.app/Contents/Developer/Toolchains/XcodeDefault.xctoolchain/usr/bin]
  link line: [ "/Applications/Xcode.app/Contents/Developer/Toolchains/XcodeDefault.xctoolchain/usr/bin/ld" -demangle -lto_library /Applications/Xcode.app/Contents/Developer/Toolchains/XcodeDefault.xctoolchain/usr/lib/libLTO.dylib -dynamic -arch i386 -macosx_version_min 10.12.0 -o cmTC_8d81a -search_paths_first -headerpad_max_install_names -v CMakeFiles/cmTC_8d81a.dir/CMakeCCompilerABI.c.o -lSystem /Applications/Xcode.app/Contents/Developer/Toolchains/XcodeDefault.xctoolchain/usr/lib/clang/9.0.0/lib/darwin/libclang_rt.osx.a]
    arg [/Applications/Xcode.app/Contents/Developer/Toolchains/XcodeDefault.xctoolchain/usr/bin/ld] ==> ignore
    arg [-demangle] ==> ignore
    arg [-lto_library] ==> ignore, skip following value
    arg [/Applications/Xcode.app/Contents/Developer/Toolchains/XcodeDefault.xctoolchain/usr/lib/libLTO.dylib] ==> skip value of -lto_library
    arg [-dynamic] ==> ignore
    arg [-arch] ==> ignore
    arg [i386] ==> ignore
    arg [-macosx_version_min] ==> ignore
    arg [10.12.0] ==> ignore
    arg [-o] ==> ignore
    arg [cmTC_8d81a] ==> ignore
    arg [-search_paths_first] ==> ignore
    arg [-headerpad_max_install_names] ==> ignore
    arg [-v] ==> ignore
    arg [CMakeFiles/cmTC_8d81a.dir/CMakeCCompilerABI.c.o] ==> ignore
    arg [-lSystem] ==> lib [System]
    arg [/Applications/Xcode.app/Contents/Developer/Toolchains/XcodeDefault.xctoolchain/usr/lib/clang/9.0.0/lib/darwin/libclang_rt.osx.a] ==> lib [/Applications/Xcode.app/Contents/Developer/Toolchains/XcodeDefault.xctoolchain/usr/lib/clang/9.0.0/lib/darwin/libclang_rt.osx.a]
  Library search paths: [;/usr/lib;/usr/local/lib]
  Framework search paths: [;/Library/Frameworks/;/System/Library/Frameworks/]
  remove lib [System]
  remove lib [/Applications/Xcode.app/Contents/Developer/Toolchains/XcodeDefault.xctoolchain/usr/lib/clang/9.0.0/lib/darwin/libclang_rt.osx.a]
  collapse library dir [/usr/lib] ==> [/usr/lib]
  collapse library dir [/usr/local/lib] ==> [/usr/local/lib]
  collapse framework dir [/Library/Frameworks/] ==> [/Library/Frameworks]
  collapse framework dir [/System/Library/Frameworks/] ==> [/System/Library/Frameworks]
  implicit libs: []
  implicit dirs: [/usr/lib;/usr/local/lib]
  implicit fwks: [/Library/Frameworks;/System/Library/Frameworks]




Detecting C [-std=c11] compiler features compiled with the following output:
Change Dir: /Users/lashitjain/Projects/fwd-bwd/builds/release32/CMakeFiles/CMakeTmp

Run Build Command:"/usr/local/bin/gmake" "cmTC_42565/fast"
/usr/local/bin/gmake -f CMakeFiles/cmTC_42565.dir/build.make CMakeFiles/cmTC_42565.dir/build
gmake[1]: Entering directory '/Users/lashitjain/Projects/fwd-bwd/builds/release32/CMakeFiles/CMakeTmp'
Building C object CMakeFiles/cmTC_42565.dir/feature_tests.c.o
/usr/bin/gcc   -m32    -std=c11 -o CMakeFiles/cmTC_42565.dir/feature_tests.c.o   -c /Users/lashitjain/Projects/fwd-bwd/builds/release32/CMakeFiles/feature_tests.c
Linking C executable cmTC_42565
/usr/local/Cellar/cmake/3.9.4_1/bin/cmake -E cmake_link_script CMakeFiles/cmTC_42565.dir/link.txt --verbose=1
/usr/bin/gcc  -m32  -Wl,-search_paths_first -Wl,-headerpad_max_install_names   CMakeFiles/cmTC_42565.dir/feature_tests.c.o  -o cmTC_42565 
gmake[1]: Leaving directory '/Users/lashitjain/Projects/fwd-bwd/builds/release32/CMakeFiles/CMakeTmp'


    Feature record: C_FEATURE:1c_function_prototypes
    Feature record: C_FEATURE:1c_restrict
    Feature record: C_FEATURE:1c_static_assert
    Feature record: C_FEATURE:1c_variadic_macros


Detecting C [-std=c99] compiler features compiled with the following output:
Change Dir: /Users/lashitjain/Projects/fwd-bwd/builds/release32/CMakeFiles/CMakeTmp

Run Build Command:"/usr/local/bin/gmake" "cmTC_5a1a1/fast"
/usr/local/bin/gmake -f CMakeFiles/cmTC_5a1a1.dir/build.make CMakeFiles/cmTC_5a1a1.dir/build
gmake[1]: Entering directory '/Users/lashitjain/Projects/fwd-bwd/builds/release32/CMakeFiles/CMakeTmp'
Building C object CMakeFiles/cmTC_5a1a1.dir/feature_tests.c.o
/usr/bin/gcc   -m32    -std=c99 -o CMakeFiles/cmTC_5a1a1.dir/feature_tests.c.o   -c /Users/lashitjain/Projects/fwd-bwd/builds/release32/CMakeFiles/feature_tests.c
Linking C executable cmTC_5a1a1
/usr/local/Cellar/cmake/3.9.4_1/bin/cmake -E cmake_link_script CMakeFiles/cmTC_5a1a1.dir/link.txt --verbose=1
/usr/bin/gcc  -m32  -Wl,-search_paths_first -Wl,-headerpad_max_install_names   CMakeFiles/cmTC_5a1a1.dir/feature_tests.c.o  -o cmTC_5a1a1 
gmake[1]: Leaving directory '/Users/lashitjain/Projects/fwd-bwd/builds/release32/CMakeFiles/CMakeTmp'


    Feature record: C_FEATURE:1c_function_prototypes
    Feature record: C_FEATURE:1c_restrict
    Feature record: C_FEATURE:0c_static_assert
    Feature record: C_FEATURE:1c_variadic_macros


Detecting C [-std=c90] compiler features compiled with the following output:
Change Dir: /Users/lashitjain/Projects/fwd-bwd/builds/release32/CMakeFiles/CMakeTmp

Run Build Command:"/usr/local/bin/gmake" "cmTC_7f54b/fast"
/usr/local/bin/gmake -f CMakeFiles/cmTC_7f54b.dir/build.make CMakeFiles/cmTC_7f54b.dir/build
gmake[1]: Entering directory '/Users/lashitjain/Projects/fwd-bwd/builds/release32/CMakeFiles/CMakeTmp'
Building C object CMakeFiles/cmTC_7f54b.dir/feature_tests.c.o
/usr/bin/gcc   -m32    -std=c90 -o CMakeFiles/cmTC_7f54b.dir/feature_tests.c.o   -c /Users/lashitjain/Projects/fwd-bwd/builds/release32/CMakeFiles/feature_tests.c
Linking C executable cmTC_7f54b
/usr/local/Cellar/cmake/3.9.4_1/bin/cmake -E cmake_link_script CMakeFiles/cmTC_7f54b.dir/link.txt --verbose=1
/usr/bin/gcc  -m32  -Wl,-search_paths_first -Wl,-headerpad_max_install_names   CMakeFiles/cmTC_7f54b.dir/feature_tests.c.o  -o cmTC_7f54b 
gmake[1]: Leaving directory '/Users/lashitjain/Projects/fwd-bwd/builds/release32/CMakeFiles/CMakeTmp'


    Feature record: C_FEATURE:1c_function_prototypes
    Feature record: C_FEATURE:0c_restrict
    Feature record: C_FEATURE:0c_static_assert
    Feature record: C_FEATURE:0c_variadic_macros
Determining if the CXX compiler works passed with the following output:
Change Dir: /Users/lashitjain/Projects/fwd-bwd/builds/release32/CMakeFiles/CMakeTmp

Run Build Command:"/usr/local/bin/gmake" "cmTC_27710/fast"
/usr/local/bin/gmake -f CMakeFiles/cmTC_27710.dir/build.make CMakeFiles/cmTC_27710.dir/build
gmake[1]: Entering directory '/Users/lashitjain/Projects/fwd-bwd/builds/release32/CMakeFiles/CMakeTmp'
Building CXX object CMakeFiles/cmTC_27710.dir/testCXXCompiler.cxx.o
/usr/bin/g++    -m32    -o CMakeFiles/cmTC_27710.dir/testCXXCompiler.cxx.o -c /Users/lashitjain/Projects/fwd-bwd/builds/release32/CMakeFiles/CMakeTmp/testCXXCompiler.cxx
Linking CXX executable cmTC_27710
/usr/local/Cellar/cmake/3.9.4_1/bin/cmake -E cmake_link_script CMakeFiles/cmTC_27710.dir/link.txt --verbose=1
/usr/bin/g++   -m32  -Wl,-search_paths_first -Wl,-headerpad_max_install_names   CMakeFiles/cmTC_27710.dir/testCXXCompiler.cxx.o  -o cmTC_27710 
gmake[1]: Leaving directory '/Users/lashitjain/Projects/fwd-bwd/builds/release32/CMakeFiles/CMakeTmp'


Detecting CXX compiler ABI info compiled with the following output:
Change Dir: /Users/lashitjain/Projects/fwd-bwd/builds/release32/CMakeFiles/CMakeTmp

Run Build Command:"/usr/local/bin/gmake" "cmTC_82456/fast"
/usr/local/bin/gmake -f CMakeFiles/cmTC_82456.dir/build.make CMakeFiles/cmTC_82456.dir/build
gmake[1]: Entering directory '/Users/lashitjain/Projects/fwd-bwd/builds/release32/CMakeFiles/CMakeTmp'
Building CXX object CMakeFiles/cmTC_82456.dir/CMakeCXXCompilerABI.cpp.o
/usr/bin/g++    -m32    -o CMakeFiles/cmTC_82456.dir/CMakeCXXCompilerABI.cpp.o -c /usr/local/Cellar/cmake/3.9.4_1/share/cmake/Modules/CMakeCXXCompilerABI.cpp
Linking CXX executable cmTC_82456
/usr/local/Cellar/cmake/3.9.4_1/bin/cmake -E cmake_link_script CMakeFiles/cmTC_82456.dir/link.txt --verbose=1
/usr/bin/g++   -m32  -Wl,-search_paths_first -Wl,-headerpad_max_install_names  -v -Wl,-v CMakeFiles/cmTC_82456.dir/CMakeCXXCompilerABI.cpp.o  -o cmTC_82456 
Apple LLVM version 9.0.0 (clang-900.0.39.2)
Target: i386-apple-darwin16.7.0
Thread model: posix
InstalledDir: /Applications/Xcode.app/Contents/Developer/Toolchains/XcodeDefault.xctoolchain/usr/bin
 "/Applications/Xcode.app/Contents/Developer/Toolchains/XcodeDefault.xctoolchain/usr/bin/ld" -demangle -lto_library /Applications/Xcode.app/Contents/Developer/Toolchains/XcodeDefault.xctoolchain/usr/lib/libLTO.dylib -dynamic -arch i386 -macosx_version_min 10.12.0 -o cmTC_82456 -search_paths_first -headerpad_max_install_names -v CMakeFiles/cmTC_82456.dir/CMakeCXXCompilerABI.cpp.o -lc++ -lSystem /Applications/Xcode.app/Contents/Developer/Toolchains/XcodeDefault.xctoolchain/usr/lib/clang/9.0.0/lib/darwin/libclang_rt.osx.a
@(#)PROGRAM:ld  PROJECT:ld64-305
configured to support archs: armv6 armv7 armv7s arm64 i386 x86_64 x86_64h armv6m armv7k armv7m armv7em (tvOS)
Library search paths:
	/usr/lib
	/usr/local/lib
Framework search paths:
	/Library/Frameworks/
	/System/Library/Frameworks/
gmake[1]: Leaving directory '/Users/lashitjain/Projects/fwd-bwd/builds/release32/CMakeFiles/CMakeTmp'


Parsed CXX implicit link information from above output:
  link line regex: [^( *|.*[/\])(ld|CMAKE_LINK_STARTFILE-NOTFOUND|([^/\]+-)?ld|collect2)[^/\]*( |$)]
  ignore line: [Change Dir: /Users/lashitjain/Projects/fwd-bwd/builds/release32/CMakeFiles/CMakeTmp]
  ignore line: []
  ignore line: [Run Build Command:"/usr/local/bin/gmake" "cmTC_82456/fast"]
  ignore line: [/usr/local/bin/gmake -f CMakeFiles/cmTC_82456.dir/build.make CMakeFiles/cmTC_82456.dir/build]
  ignore line: [gmake[1]: Entering directory '/Users/lashitjain/Projects/fwd-bwd/builds/release32/CMakeFiles/CMakeTmp']
  ignore line: [Building CXX object CMakeFiles/cmTC_82456.dir/CMakeCXXCompilerABI.cpp.o]
  ignore line: [/usr/bin/g++    -m32    -o CMakeFiles/cmTC_82456.dir/CMakeCXXCompilerABI.cpp.o -c /usr/local/Cellar/cmake/3.9.4_1/share/cmake/Modules/CMakeCXXCompilerABI.cpp]
  ignore line: [Linking CXX executable cmTC_82456]
  ignore line: [/usr/local/Cellar/cmake/3.9.4_1/bin/cmake -E cmake_link_script CMakeFiles/cmTC_82456.dir/link.txt --verbose=1]
  ignore line: [/usr/bin/g++   -m32  -Wl,-search_paths_first -Wl,-headerpad_max_install_names  -v -Wl,-v CMakeFiles/cmTC_82456.dir/CMakeCXXCompilerABI.cpp.o  -o cmTC_82456 ]
  ignore line: [Apple LLVM version 9.0.0 (clang-900.0.39.2)]
  ignore line: [Target: i386-apple-darwin16.7.0]
  ignore line: [Thread model: posix]
  ignore line: [InstalledDir: /Applications/Xcode.app/Contents/Developer/Toolchains/XcodeDefault.xctoolchain/usr/bin]
  link line: [ "/Applications/Xcode.app/Contents/Developer/Toolchains/XcodeDefault.xctoolchain/usr/bin/ld" -demangle -lto_library /Applications/Xcode.app/Contents/Developer/Toolchains/XcodeDefault.xctoolchain/usr/lib/libLTO.dylib -dynamic -arch i386 -macosx_version_min 10.12.0 -o cmTC_82456 -search_paths_first -headerpad_max_install_names -v CMakeFiles/cmTC_82456.dir/CMakeCXXCompilerABI.cpp.o -lc++ -lSystem /Applications/Xcode.app/Contents/Developer/Toolchains/XcodeDefault.xctoolchain/usr/lib/clang/9.0.0/lib/darwin/libclang_rt.osx.a]
    arg [/Applications/Xcode.app/Contents/Developer/Toolchains/XcodeDefault.xctoolchain/usr/bin/ld] ==> ignore
    arg [-demangle] ==> ignore
    arg [-lto_library] ==> ignore, skip following value
    arg [/Applications/Xcode.app/Contents/Developer/Toolchains/XcodeDefault.xctoolchain/usr/lib/libLTO.dylib] ==> skip value of -lto_library
    arg [-dynamic] ==> ignore
    arg [-arch] ==> ignore
    arg [i386] ==> ignore
    arg [-macosx_version_min] ==> ignore
    arg [10.12.0] ==> ignore
    arg [-o] ==> ignore
    arg [cmTC_82456] ==> ignore
    arg [-search_paths_first] ==> ignore
    arg [-headerpad_max_install_names] ==> ignore
    arg [-v] ==> ignore
    arg [CMakeFiles/cmTC_82456.dir/CMakeCXXCompilerABI.cpp.o] ==> ignore
    arg [-lc++] ==> lib [c++]
    arg [-lSystem] ==> lib [System]
    arg [/Applications/Xcode.app/Contents/Developer/Toolchains/XcodeDefault.xctoolchain/usr/lib/clang/9.0.0/lib/darwin/libclang_rt.osx.a] ==> lib [/Applications/Xcode.app/Contents/Developer/Toolchains/XcodeDefault.xctoolchain/usr/lib/clang/9.0.0/lib/darwin/libclang_rt.osx.a]
  Library search paths: [;/usr/lib;/usr/local/lib]
  Framework search paths: [;/Library/Frameworks/;/System/Library/Frameworks/]
  remove lib [System]
  remove lib [/Applications/Xcode.app/Contents/Developer/Toolchains/XcodeDefault.xctoolchain/usr/lib/clang/9.0.0/lib/darwin/libclang_rt.osx.a]
  collapse library dir [/usr/lib] ==> [/usr/lib]
  collapse library dir [/usr/local/lib] ==> [/usr/local/lib]
  collapse framework dir [/Library/Frameworks/] ==> [/Library/Frameworks]
  collapse framework dir [/System/Library/Frameworks/] ==> [/System/Library/Frameworks]
  implicit libs: [c++]
  implicit dirs: [/usr/lib;/usr/local/lib]
  implicit fwks: [/Library/Frameworks;/System/Library/Frameworks]




Detecting CXX [-std=c++1z] compiler features compiled with the following output:
Change Dir: /Users/lashitjain/Projects/fwd-bwd/builds/release32/CMakeFiles/CMakeTmp

Run Build Command:"/usr/local/bin/gmake" "cmTC_bb189/fast"
/usr/local/bin/gmake -f CMakeFiles/cmTC_bb189.dir/build.make CMakeFiles/cmTC_bb189.dir/build
gmake[1]: Entering directory '/Users/lashitjain/Projects/fwd-bwd/builds/release32/CMakeFiles/CMakeTmp'
Building CXX object CMakeFiles/cmTC_bb189.dir/feature_tests.cxx.o
/usr/bin/g++    -m32    -std=c++1z -o CMakeFiles/cmTC_bb189.dir/feature_tests.cxx.o -c /Users/lashitjain/Projects/fwd-bwd/builds/release32/CMakeFiles/feature_tests.cxx
Linking CXX executable cmTC_bb189
/usr/local/Cellar/cmake/3.9.4_1/bin/cmake -E cmake_link_script CMakeFiles/cmTC_bb189.dir/link.txt --verbose=1
/usr/bin/g++   -m32  -Wl,-search_paths_first -Wl,-headerpad_max_install_names   CMakeFiles/cmTC_bb189.dir/feature_tests.cxx.o  -o cmTC_bb189 
gmake[1]: Leaving directory '/Users/lashitjain/Projects/fwd-bwd/builds/release32/CMakeFiles/CMakeTmp'


    Feature record: CXX_FEATURE:1cxx_aggregate_default_initializers
    Feature record: CXX_FEATURE:1cxx_alias_templates
    Feature record: CXX_FEATURE:1cxx_alignas
    Feature record: CXX_FEATURE:1cxx_alignof
    Feature record: CXX_FEATURE:1cxx_attributes
    Feature record: CXX_FEATURE:1cxx_attribute_deprecated
    Feature record: CXX_FEATURE:1cxx_auto_type
    Feature record: CXX_FEATURE:1cxx_binary_literals
    Feature record: CXX_FEATURE:1cxx_constexpr
    Feature record: CXX_FEATURE:1cxx_contextual_conversions
    Feature record: CXX_FEATURE:1cxx_decltype
    Feature record: CXX_FEATURE:1cxx_decltype_auto
    Feature record: CXX_FEATURE:1cxx_decltype_incomplete_return_types
    Feature record: CXX_FEATURE:1cxx_default_function_template_args
    Feature record: CXX_FEATURE:1cxx_defaulted_functions
    Feature record: CXX_FEATURE:1cxx_defaulted_move_initializers
    Feature record: CXX_FEATURE:1cxx_delegating_constructors
    Feature record: CXX_FEATURE:1cxx_deleted_functions
    Feature record: CXX_FEATURE:1cxx_digit_separators
    Feature record: CXX_FEATURE:1cxx_enum_forward_declarations
    Feature record: CXX_FEATURE:1cxx_explicit_conversions
    Feature record: CXX_FEATURE:1cxx_extended_friend_declarations
    Feature record: CXX_FEATURE:1cxx_extern_templates
    Feature record: CXX_FEATURE:1cxx_final
    Feature record: CXX_FEATURE:1cxx_func_identifier
    Feature record: CXX_FEATURE:1cxx_generalized_initializers
    Feature record: CXX_FEATURE:1cxx_generic_lambdas
    Feature record: CXX_FEATURE:1cxx_inheriting_constructors
    Feature record: CXX_FEATURE:1cxx_inline_namespaces
    Feature record: CXX_FEATURE:1cxx_lambdas
    Feature record: CXX_FEATURE:1cxx_lambda_init_captures
    Feature record: CXX_FEATURE:1cxx_local_type_template_args
    Feature record: CXX_FEATURE:1cxx_long_long_type
    Feature record: CXX_FEATURE:1cxx_noexcept
    Feature record: CXX_FEATURE:1cxx_nonstatic_member_init
    Feature record: CXX_FEATURE:1cxx_nullptr
    Feature record: CXX_FEATURE:1cxx_override
    Feature record: CXX_FEATURE:1cxx_range_for
    Feature record: CXX_FEATURE:1cxx_raw_string_literals
    Feature record: CXX_FEATURE:1cxx_reference_qualified_functions
    Feature record: CXX_FEATURE:1cxx_relaxed_constexpr
    Feature record: CXX_FEATURE:1cxx_return_type_deduction
    Feature record: CXX_FEATURE:1cxx_right_angle_brackets
    Feature record: CXX_FEATURE:1cxx_rvalue_references
    Feature record: CXX_FEATURE:1cxx_sizeof_member
    Feature record: CXX_FEATURE:1cxx_static_assert
    Feature record: CXX_FEATURE:1cxx_strong_enums
    Feature record: CXX_FEATURE:1cxx_template_template_parameters
    Feature record: CXX_FEATURE:1cxx_thread_local
    Feature record: CXX_FEATURE:1cxx_trailing_return_types
    Feature record: CXX_FEATURE:1cxx_unicode_literals
    Feature record: CXX_FEATURE:1cxx_uniform_initialization
    Feature record: CXX_FEATURE:1cxx_unrestricted_unions
    Feature record: CXX_FEATURE:1cxx_user_literals
    Feature record: CXX_FEATURE:1cxx_variable_templates
    Feature record: CXX_FEATURE:1cxx_variadic_macros
    Feature record: CXX_FEATURE:1cxx_variadic_templates


Detecting CXX [-std=c++14] compiler features compiled with the following output:
Change Dir: /Users/lashitjain/Projects/fwd-bwd/builds/release32/CMakeFiles/CMakeTmp

Run Build Command:"/usr/local/bin/gmake" "cmTC_37405/fast"
/usr/local/bin/gmake -f CMakeFiles/cmTC_37405.dir/build.make CMakeFiles/cmTC_37405.dir/build
gmake[1]: Entering directory '/Users/lashitjain/Projects/fwd-bwd/builds/release32/CMakeFiles/CMakeTmp'
Building CXX object CMakeFiles/cmTC_37405.dir/feature_tests.cxx.o
/usr/bin/g++    -m32    -std=c++14 -o CMakeFiles/cmTC_37405.dir/feature_tests.cxx.o -c /Users/lashitjain/Projects/fwd-bwd/builds/release32/CMakeFiles/feature_tests.cxx
Linking CXX executable cmTC_37405
/usr/local/Cellar/cmake/3.9.4_1/bin/cmake -E cmake_link_script CMakeFiles/cmTC_37405.dir/link.txt --verbose=1
/usr/bin/g++   -m32  -Wl,-search_paths_first -Wl,-headerpad_max_install_names   CMakeFiles/cmTC_37405.dir/feature_tests.cxx.o  -o cmTC_37405 
gmake[1]: Leaving directory '/Users/lashitjain/Projects/fwd-bwd/builds/release32/CMakeFiles/CMakeTmp'


    Feature record: CXX_FEATURE:1cxx_aggregate_default_initializers
    Feature record: CXX_FEATURE:1cxx_alias_templates
    Feature record: CXX_FEATURE:1cxx_alignas
    Feature record: CXX_FEATURE:1cxx_alignof
    Feature record: CXX_FEATURE:1cxx_attributes
    Feature record: CXX_FEATURE:1cxx_attribute_deprecated
    Feature record: CXX_FEATURE:1cxx_auto_type
    Feature record: CXX_FEATURE:1cxx_binary_literals
    Feature record: CXX_FEATURE:1cxx_constexpr
    Feature record: CXX_FEATURE:1cxx_contextual_conversions
    Feature record: CXX_FEATURE:1cxx_decltype
    Feature record: CXX_FEATURE:1cxx_decltype_auto
    Feature record: CXX_FEATURE:1cxx_decltype_incomplete_return_types
    Feature record: CXX_FEATURE:1cxx_default_function_template_args
    Feature record: CXX_FEATURE:1cxx_defaulted_functions
    Feature record: CXX_FEATURE:1cxx_defaulted_move_initializers
    Feature record: CXX_FEATURE:1cxx_delegating_constructors
    Feature record: CXX_FEATURE:1cxx_deleted_functions
    Feature record: CXX_FEATURE:1cxx_digit_separators
    Feature record: CXX_FEATURE:1cxx_enum_forward_declarations
    Feature record: CXX_FEATURE:1cxx_explicit_conversions
    Feature record: CXX_FEATURE:1cxx_extended_friend_declarations
    Feature record: CXX_FEATURE:1cxx_extern_templates
    Feature record: CXX_FEATURE:1cxx_final
    Feature record: CXX_FEATURE:1cxx_func_identifier
    Feature record: CXX_FEATURE:1cxx_generalized_initializers
    Feature record: CXX_FEATURE:1cxx_generic_lambdas
    Feature record: CXX_FEATURE:1cxx_inheriting_constructors
    Feature record: CXX_FEATURE:1cxx_inline_namespaces
    Feature record: CXX_FEATURE:1cxx_lambdas
    Feature record: CXX_FEATURE:1cxx_lambda_init_captures
    Feature record: CXX_FEATURE:1cxx_local_type_template_args
    Feature record: CXX_FEATURE:1cxx_long_long_type
    Feature record: CXX_FEATURE:1cxx_noexcept
    Feature record: CXX_FEATURE:1cxx_nonstatic_member_init
    Feature record: CXX_FEATURE:1cxx_nullptr
    Feature record: CXX_FEATURE:1cxx_override
    Feature record: CXX_FEATURE:1cxx_range_for
    Feature record: CXX_FEATURE:1cxx_raw_string_literals
    Feature record: CXX_FEATURE:1cxx_reference_qualified_functions
    Feature record: CXX_FEATURE:1cxx_relaxed_constexpr
    Feature record: CXX_FEATURE:1cxx_return_type_deduction
    Feature record: CXX_FEATURE:1cxx_right_angle_brackets
    Feature record: CXX_FEATURE:1cxx_rvalue_references
    Feature record: CXX_FEATURE:1cxx_sizeof_member
    Feature record: CXX_FEATURE:1cxx_static_assert
    Feature record: CXX_FEATURE:1cxx_strong_enums
    Feature record: CXX_FEATURE:1cxx_template_template_parameters
    Feature record: CXX_FEATURE:1cxx_thread_local
    Feature record: CXX_FEATURE:1cxx_trailing_return_types
    Feature record: CXX_FEATURE:1cxx_unicode_literals
    Feature record: CXX_FEATURE:1cxx_uniform_initialization
    Feature record: CXX_FEATURE:1cxx_unrestricted_unions
    Feature record: CXX_FEATURE:1cxx_user_literals
    Feature record: CXX_FEATURE:1cxx_variable_templates
    Feature record: CXX_FEATURE:1cxx_variadic_macros
    Feature record: CXX_FEATURE:1cxx_variadic_templates


Detecting CXX [-std=c++11] compiler features compiled with the following output:
Change Dir: /Users/lashitjain/Projects/fwd-bwd/builds/release32/CMakeFiles/CMakeTmp

Run Build Command:"/usr/local/bin/gmake" "cmTC_3ffbc/fast"
/usr/local/bin/gmake -f CMakeFiles/cmTC_3ffbc.dir/build.make CMakeFiles/cmTC_3ffbc.dir/build
gmake[1]: Entering directory '/Users/lashitjain/Projects/fwd-bwd/builds/release32/CMakeFiles/CMakeTmp'
Building CXX object CMakeFiles/cmTC_3ffbc.dir/feature_tests.cxx.o
/usr/bin/g++    -m32    -std=c++11 -o CMakeFiles/cmTC_3ffbc.dir/feature_tests.cxx.o -c /Users/lashitjain/Projects/fwd-bwd/builds/release32/CMakeFiles/feature_tests.cxx
Linking CXX executable cmTC_3ffbc
/usr/local/Cellar/cmake/3.9.4_1/bin/cmake -E cmake_link_script CMakeFiles/cmTC_3ffbc.dir/link.txt --verbose=1
/usr/bin/g++   -m32  -Wl,-search_paths_first -Wl,-headerpad_max_install_names   CMakeFiles/cmTC_3ffbc.dir/feature_tests.cxx.o  -o cmTC_3ffbc 
gmake[1]: Leaving directory '/Users/lashitjain/Projects/fwd-bwd/builds/release32/CMakeFiles/CMakeTmp'


    Feature record: CXX_FEATURE:0cxx_aggregate_default_initializers
    Feature record: CXX_FEATURE:1cxx_alias_templates
    Feature record: CXX_FEATURE:1cxx_alignas
    Feature record: CXX_FEATURE:1cxx_alignof
    Feature record: CXX_FEATURE:1cxx_attributes
    Feature record: CXX_FEATURE:0cxx_attribute_deprecated
    Feature record: CXX_FEATURE:1cxx_auto_type
    Feature record: CXX_FEATURE:0cxx_binary_literals
    Feature record: CXX_FEATURE:1cxx_constexpr
    Feature record: CXX_FEATURE:0cxx_contextual_conversions
    Feature record: CXX_FEATURE:1cxx_decltype
    Feature record: CXX_FEATURE:0cxx_decltype_auto
    Feature record: CXX_FEATURE:1cxx_decltype_incomplete_return_types
    Feature record: CXX_FEATURE:1cxx_default_function_template_args
    Feature record: CXX_FEATURE:1cxx_defaulted_functions
    Feature record: CXX_FEATURE:1cxx_defaulted_move_initializers
    Feature record: CXX_FEATURE:1cxx_delegating_constructors
    Feature record: CXX_FEATURE:1cxx_deleted_functions
    Feature record: CXX_FEATURE:0cxx_digit_separators
    Feature record: CXX_FEATURE:1cxx_enum_forward_declarations
    Feature record: CXX_FEATURE:1cxx_explicit_conversions
    Feature record: CXX_FEATURE:1cxx_extended_friend_declarations
    Feature record: CXX_FEATURE:1cxx_extern_templates
    Feature record: CXX_FEATURE:1cxx_final
    Feature record: CXX_FEATURE:1cxx_func_identifier
    Feature record: CXX_FEATURE:1cxx_generalized_initializers
    Feature record: CXX_FEATURE:0cxx_generic_lambdas
    Feature record: CXX_FEATURE:1cxx_inheriting_constructors
    Feature record: CXX_FEATURE:1cxx_inline_namespaces
    Feature record: CXX_FEATURE:1cxx_lambdas
    Feature record: CXX_FEATURE:0cxx_lambda_init_captures
    Feature record: CXX_FEATURE:1cxx_local_type_template_args
    Feature record: CXX_FEATURE:1cxx_long_long_type
    Feature record: CXX_FEATURE:1cxx_noexcept
    Feature record: CXX_FEATURE:1cxx_nonstatic_member_init
    Feature record: CXX_FEATURE:1cxx_nullptr
    Feature record: CXX_FEATURE:1cxx_override
    Feature record: CXX_FEATURE:1cxx_range_for
    Feature record: CXX_FEATURE:1cxx_raw_string_literals
    Feature record: CXX_FEATURE:1cxx_reference_qualified_functions
    Feature record: CXX_FEATURE:0cxx_relaxed_constexpr
    Feature record: CXX_FEATURE:0cxx_return_type_deduction
    Feature record: CXX_FEATURE:1cxx_right_angle_brackets
    Feature record: CXX_FEATURE:1cxx_rvalue_references
    Feature record: CXX_FEATURE:1cxx_sizeof_member
    Feature record: CXX_FEATURE:1cxx_static_assert
    Feature record: CXX_FEATURE:1cxx_strong_enums
    Feature record: CXX_FEATURE:1cxx_template_template_parameters
    Feature record: CXX_FEATURE:1cxx_thread_local
    Feature record: CXX_FEATURE:1cxx_trailing_return_types
    Feature record: CXX_FEATURE:1cxx_unicode_literals
    Feature record: CXX_FEATURE:1cxx_uniform_initialization
    Feature record: CXX_FEATURE:1cxx_unrestricted_unions
    Feature record: CXX_FEATURE:1cxx_user_literals
    Feature record: CXX_FEATURE:0cxx_variable_templates
    Feature record: CXX_FEATURE:1cxx_variadic_macros
    Feature record: CXX_FEATURE:1cxx_variadic_templates


Detecting CXX [-std=c++98] compiler features compiled with the following output:
Change Dir: /Users/lashitjain/Projects/fwd-bwd/builds/release32/CMakeFiles/CMakeTmp

Run Build Command:"/usr/local/bin/gmake" "cmTC_e0b53/fast"
/usr/local/bin/gmake -f CMakeFiles/cmTC_e0b53.dir/build.make CMakeFiles/cmTC_e0b53.dir/build
gmake[1]: Entering directory '/Users/lashitjain/Projects/fwd-bwd/builds/release32/CMakeFiles/CMakeTmp'
Building CXX object CMakeFiles/cmTC_e0b53.dir/feature_tests.cxx.o
/usr/bin/g++    -m32    -std=c++98 -o CMakeFiles/cmTC_e0b53.dir/feature_tests.cxx.o -c /Users/lashitjain/Projects/fwd-bwd/builds/release32/CMakeFiles/feature_tests.cxx
Linking CXX executable cmTC_e0b53
/usr/local/Cellar/cmake/3.9.4_1/bin/cmake -E cmake_link_script CMakeFiles/cmTC_e0b53.dir/link.txt --verbose=1
/usr/bin/g++   -m32  -Wl,-search_paths_first -Wl,-headerpad_max_install_names   CMakeFiles/cmTC_e0b53.dir/feature_tests.cxx.o  -o cmTC_e0b53 
gmake[1]: Leaving directory '/Users/lashitjain/Projects/fwd-bwd/builds/release32/CMakeFiles/CMakeTmp'


    Feature record: CXX_FEATURE:0cxx_aggregate_default_initializers
    Feature record: CXX_FEATURE:0cxx_alias_templates
    Feature record: CXX_FEATURE:0cxx_alignas
    Feature record: CXX_FEATURE:0cxx_alignof
    Feature record: CXX_FEATURE:0cxx_attributes
    Feature record: CXX_FEATURE:0cxx_attribute_deprecated
    Feature record: CXX_FEATURE:0cxx_auto_type
    Feature record: CXX_FEATURE:0cxx_binary_literals
    Feature record: CXX_FEATURE:0cxx_constexpr
    Feature record: CXX_FEATURE:0cxx_contextual_conversions
    Feature record: CXX_FEATURE:0cxx_decltype
    Feature record: CXX_FEATURE:0cxx_decltype_auto
    Feature record: CXX_FEATURE:0cxx_decltype_incomplete_return_types
    Feature record: CXX_FEATURE:0cxx_default_function_template_args
    Feature record: CXX_FEATURE:0cxx_defaulted_functions
    Feature record: CXX_FEATURE:0cxx_defaulted_move_initializers
    Feature record: CXX_FEATURE:0cxx_delegating_constructors
    Feature record: CXX_FEATURE:0cxx_deleted_functions
    Feature record: CXX_FEATURE:0cxx_digit_separators
    Feature record: CXX_FEATURE:0cxx_enum_forward_declarations
    Feature record: CXX_FEATURE:0cxx_explicit_conversions
    Feature record: CXX_FEATURE:0cxx_extended_friend_declarations
    Feature record: CXX_FEATURE:0cxx_extern_templates
    Feature record: CXX_FEATURE:0cxx_final
    Feature record: CXX_FEATURE:0cxx_func_identifier
    Feature record: CXX_FEATURE:0cxx_generalized_initializers
    Feature record: CXX_FEATURE:0cxx_generic_lambdas
    Feature record: CXX_FEATURE:0cxx_inheriting_constructors
    Feature record: CXX_FEATURE:0cxx_inline_namespaces
    Feature record: CXX_FEATURE:0cxx_lambdas
    Feature record: CXX_FEATURE:0cxx_lambda_init_captures
    Feature record: CXX_FEATURE:0cxx_local_type_template_args
    Feature record: CXX_FEATURE:0cxx_long_long_type
    Feature record: CXX_FEATURE:0cxx_noexcept
    Feature record: CXX_FEATURE:0cxx_nonstatic_member_init
    Feature record: CXX_FEATURE:0cxx_nullptr
    Feature record: CXX_FEATURE:0cxx_override
    Feature record: CXX_FEATURE:0cxx_range_for
    Feature record: CXX_FEATURE:0cxx_raw_string_literals
    Feature record: CXX_FEATURE:0cxx_reference_qualified_functions
    Feature record: CXX_FEATURE:0cxx_relaxed_constexpr
    Feature record: CXX_FEATURE:0cxx_return_type_deduction
    Feature record: CXX_FEATURE:0cxx_right_angle_brackets
    Feature record: CXX_FEATURE:0cxx_rvalue_references
    Feature record: CXX_FEATURE:0cxx_sizeof_member
    Feature record: CXX_FEATURE:0cxx_static_assert
    Feature record: CXX_FEATURE:0cxx_strong_enums
    Feature record: CXX_FEATURE:1cxx_template_template_parameters
    Feature record: CXX_FEATURE:0cxx_thread_local
    Feature record: CXX_FEATURE:0cxx_trailing_return_types
    Feature record: CXX_FEATURE:0cxx_unicode_literals
    Feature record: CXX_FEATURE:0cxx_uniform_initialization
    Feature record: CXX_FEATURE:0cxx_unrestricted_unions
    Feature record: CXX_FEATURE:0cxx_user_literals
    Feature record: CXX_FEATURE:0cxx_variable_templates
    Feature record: CXX_FEATURE:0cxx_variadic_macros
    Feature record: CXX_FEATURE:0cxx_variadic_templates
Performing C++ SOURCE FILE Test CXX11_FOUND succeeded with the following output:
Change Dir: /Users/lashitjain/Projects/fwd-bwd/builds/release32/CMakeFiles/CMakeTmp

Run Build Command:"/usr/local/bin/gmake" "cmTC_955af/fast"
/usr/local/bin/gmake -f CMakeFiles/cmTC_955af.dir/build.make CMakeFiles/cmTC_955af.dir/build
gmake[1]: Entering directory '/Users/lashitjain/Projects/fwd-bwd/builds/release32/CMakeFiles/CMakeTmp'
Building CXX object CMakeFiles/cmTC_955af.dir/src.cxx.o
/usr/bin/g++    -m32 -DCXX11_FOUND   -std=c++11 -o CMakeFiles/cmTC_955af.dir/src.cxx.o -c /Users/lashitjain/Projects/fwd-bwd/builds/release32/CMakeFiles/CMakeTmp/src.cxx
Linking CXX executable cmTC_955af
/usr/local/Cellar/cmake/3.9.4_1/bin/cmake -E cmake_link_script CMakeFiles/cmTC_955af.dir/link.txt --verbose=1
/usr/bin/g++   -m32 -DCXX11_FOUND -Wl,-search_paths_first -Wl,-headerpad_max_install_names   CMakeFiles/cmTC_955af.dir/src.cxx.o  -o cmTC_955af 
gmake[1]: Leaving directory '/Users/lashitjain/Projects/fwd-bwd/builds/release32/CMakeFiles/CMakeTmp'

Source file was:
int main() { return 0; }
